0 info it worked if it ends with ok
1 verbose cli [ 'C:\\Program Files (x86)\\nodejs\\\\node.exe',
1 verbose cli   'C:\\Program Files (x86)\\nodejs\\node_modules\\npm\\bin\\npm-cli.js',
1 verbose cli   'publish' ]
2 info using npm@1.4.3
3 info using node@v0.10.26
4 verbose node symlink C:\Program Files (x86)\nodejs\\node.exe
5 verbose publish [ '.' ]
6 verbose cache add [ '.', null ]
7 verbose cache add name=undefined spec="." args=[".",null]
8 verbose parsed url { protocol: null,
8 verbose parsed url   slashes: null,
8 verbose parsed url   auth: null,
8 verbose parsed url   host: null,
8 verbose parsed url   port: null,
8 verbose parsed url   hostname: null,
8 verbose parsed url   hash: null,
8 verbose parsed url   search: null,
8 verbose parsed url   query: null,
8 verbose parsed url   pathname: '.',
8 verbose parsed url   path: '.',
8 verbose parsed url   href: '.' }
9 silly lockFile 3a52ce78- .
10 verbose lock . C:\Users\Jinto\AppData\Roaming\npm-cache\3a52ce78-.lock
11 verbose tar pack [ 'C:\\Users\\Jinto\\AppData\\Local\\Temp\\npm-7024-bL3e51AS\\1399430703556-0.19581060064956546\\tmp.tgz',
11 verbose tar pack   '.' ]
12 verbose tarball C:\Users\Jinto\AppData\Local\Temp\npm-7024-bL3e51AS\1399430703556-0.19581060064956546\tmp.tgz
13 verbose folder .
14 info prepublish protractor-html-screenshot-reporter@0.0.5
15 silly lockFile 1f1177db-tar tar://.
16 verbose lock tar://. C:\Users\Jinto\AppData\Roaming\npm-cache\1f1177db-tar.lock
17 silly lockFile 663cf034-3556-0-19581060064956546-tmp-tgz tar://C:\Users\Jinto\AppData\Local\Temp\npm-7024-bL3e51AS\1399430703556-0.19581060064956546\tmp.tgz
18 verbose lock tar://C:\Users\Jinto\AppData\Local\Temp\npm-7024-bL3e51AS\1399430703556-0.19581060064956546\tmp.tgz C:\Users\Jinto\AppData\Roaming\npm-cache\663cf034-3556-0-19581060064956546-tmp-tgz.lock
19 silly lockFile 1f1177db-tar tar://.
20 silly lockFile 1f1177db-tar tar://.
21 silly lockFile 663cf034-3556-0-19581060064956546-tmp-tgz tar://C:\Users\Jinto\AppData\Local\Temp\npm-7024-bL3e51AS\1399430703556-0.19581060064956546\tmp.tgz
22 silly lockFile 663cf034-3556-0-19581060064956546-tmp-tgz tar://C:\Users\Jinto\AppData\Local\Temp\npm-7024-bL3e51AS\1399430703556-0.19581060064956546\tmp.tgz
23 verbose tar unpack C:\Users\Jinto\AppData\Local\Temp\npm-7024-bL3e51AS\1399430703556-0.19581060064956546\tmp.tgz
24 silly lockFile 4190730b-3556-0-19581060064956546-package tar://C:\Users\Jinto\AppData\Local\Temp\npm-7024-bL3e51AS\1399430703556-0.19581060064956546\package
25 verbose lock tar://C:\Users\Jinto\AppData\Local\Temp\npm-7024-bL3e51AS\1399430703556-0.19581060064956546\package C:\Users\Jinto\AppData\Roaming\npm-cache\4190730b-3556-0-19581060064956546-package.lock
26 silly lockFile 663cf034-3556-0-19581060064956546-tmp-tgz tar://C:\Users\Jinto\AppData\Local\Temp\npm-7024-bL3e51AS\1399430703556-0.19581060064956546\tmp.tgz
27 verbose lock tar://C:\Users\Jinto\AppData\Local\Temp\npm-7024-bL3e51AS\1399430703556-0.19581060064956546\tmp.tgz C:\Users\Jinto\AppData\Roaming\npm-cache\663cf034-3556-0-19581060064956546-tmp-tgz.lock
28 silly gunzTarPerm modes [ '755', '644' ]
29 silly gunzTarPerm extractEntry package.json
30 silly gunzTarPerm modified mode [ 'package.json', 438, 420 ]
31 silly gunzTarPerm extractEntry .npmignore
32 silly gunzTarPerm modified mode [ '.npmignore', 438, 420 ]
33 silly gunzTarPerm extractEntry README.md
34 silly gunzTarPerm modified mode [ 'README.md', 438, 420 ]
35 silly gunzTarPerm extractEntry index.js
36 silly gunzTarPerm modified mode [ 'index.js', 438, 420 ]
37 silly gunzTarPerm extractEntry .jshintrc
38 silly gunzTarPerm modified mode [ '.jshintrc', 438, 420 ]
39 silly gunzTarPerm extractEntry CHANGES.md
40 silly gunzTarPerm modified mode [ 'CHANGES.md', 438, 420 ]
41 silly gunzTarPerm extractEntry LICENSE.md
42 silly gunzTarPerm modified mode [ 'LICENSE.md', 438, 420 ]
43 silly gunzTarPerm extractEntry examples/package.json
44 silly gunzTarPerm modified mode [ 'examples/package.json', 438, 420 ]
45 silly gunzTarPerm extractEntry examples/Gruntfile.js
46 silly gunzTarPerm modified mode [ 'examples/Gruntfile.js', 438, 420 ]
47 silly gunzTarPerm extractEntry examples/protractor.conf.js
48 silly gunzTarPerm modified mode [ 'examples/protractor.conf.js', 438, 420 ]
49 silly gunzTarPerm extractEntry examples/screenshots/22-Feb-2014-1h-26m/chrome/combined.json
50 silly gunzTarPerm modified mode [ 'examples/screenshots/22-Feb-2014-1h-26m/chrome/combined.json',
50 silly gunzTarPerm   438,
50 silly gunzTarPerm   420 ]
51 silly gunzTarPerm extractEntry examples/screenshots/22-Feb-2014-1h-26m/chrome/reporter.html
52 silly gunzTarPerm modified mode [ 'examples/screenshots/22-Feb-2014-1h-26m/chrome/reporter.html',
52 silly gunzTarPerm   438,
52 silly gunzTarPerm   420 ]
53 silly gunzTarPerm extractEntry examples/screenshots/22-Feb-2014-1h-26m/chrome/should add a todo-todo list-angularjs homepage.json
54 silly gunzTarPerm modified mode [ 'examples/screenshots/22-Feb-2014-1h-26m/chrome/should add a todo-todo list-angularjs homepage.json',
54 silly gunzTarPerm   438,
54 silly gunzTarPerm   420 ]
55 silly gunzTarPerm extractEntry examples/screenshots/22-Feb-2014-1h-26m/chrome/should add a todo-todo list-angularjs homepage.png
56 silly gunzTarPerm modified mode [ 'examples/screenshots/22-Feb-2014-1h-26m/chrome/should add a todo-todo list-angularjs homepage.png',
56 silly gunzTarPerm   438,
56 silly gunzTarPerm   420 ]
57 silly gunzTarPerm extractEntry examples/screenshots/22-Feb-2014-1h-26m/chrome/should greet the named user-angularjs homepage.json
58 silly gunzTarPerm modified mode [ 'examples/screenshots/22-Feb-2014-1h-26m/chrome/should greet the named user-angularjs homepage.json',
58 silly gunzTarPerm   438,
58 silly gunzTarPerm   420 ]
59 silly gunzTarPerm extractEntry examples/screenshots/22-Feb-2014-1h-26m/chrome/should greet the named user-angularjs homepage.png
60 silly gunzTarPerm modified mode [ 'examples/screenshots/22-Feb-2014-1h-26m/chrome/should greet the named user-angularjs homepage.png',
60 silly gunzTarPerm   438,
60 silly gunzTarPerm   420 ]
61 silly gunzTarPerm extractEntry examples/screenshots/22-Feb-2014-1h-26m/chrome/should list todos-todo list-angularjs homepage.json
62 silly gunzTarPerm modified mode [ 'examples/screenshots/22-Feb-2014-1h-26m/chrome/should list todos-todo list-angularjs homepage.json',
62 silly gunzTarPerm   438,
62 silly gunzTarPerm   420 ]
63 silly gunzTarPerm extractEntry examples/screenshots/22-Feb-2014-1h-26m/chrome/should list todos-todo list-angularjs homepage.png
64 silly gunzTarPerm modified mode [ 'examples/screenshots/22-Feb-2014-1h-26m/chrome/should list todos-todo list-angularjs homepage.png',
64 silly gunzTarPerm   438,
64 silly gunzTarPerm   420 ]
65 silly gunzTarPerm extractEntry examples/specs/example_spec.js
66 silly gunzTarPerm modified mode [ 'examples/specs/example_spec.js', 438, 420 ]
67 silly gunzTarPerm extractEntry lib/jsonparser.js
68 silly gunzTarPerm modified mode [ 'lib/jsonparser.js', 438, 420 ]
69 silly gunzTarPerm extractEntry lib/util.js
70 silly gunzTarPerm modified mode [ 'lib/util.js', 438, 420 ]
71 silly gunzTarPerm extractEntry testreporter.png
72 silly gunzTarPerm modified mode [ 'testreporter.png', 438, 420 ]
73 silly lockFile 4190730b-3556-0-19581060064956546-package tar://C:\Users\Jinto\AppData\Local\Temp\npm-7024-bL3e51AS\1399430703556-0.19581060064956546\package
74 silly lockFile 4190730b-3556-0-19581060064956546-package tar://C:\Users\Jinto\AppData\Local\Temp\npm-7024-bL3e51AS\1399430703556-0.19581060064956546\package
75 silly lockFile 663cf034-3556-0-19581060064956546-tmp-tgz tar://C:\Users\Jinto\AppData\Local\Temp\npm-7024-bL3e51AS\1399430703556-0.19581060064956546\tmp.tgz
76 silly lockFile 663cf034-3556-0-19581060064956546-tmp-tgz tar://C:\Users\Jinto\AppData\Local\Temp\npm-7024-bL3e51AS\1399430703556-0.19581060064956546\tmp.tgz
77 verbose tar pack [ 'C:\\Users\\Jinto\\AppData\\Roaming\\npm-cache\\protractor-html-screenshot-reporter\\0.0.5\\package.tgz',
77 verbose tar pack   'C:\\Users\\Jinto\\AppData\\Local\\Temp\\npm-7024-bL3e51AS\\1399430703556-0.19581060064956546\\package' ]
78 verbose tarball C:\Users\Jinto\AppData\Roaming\npm-cache\protractor-html-screenshot-reporter\0.0.5\package.tgz
79 verbose folder C:\Users\Jinto\AppData\Local\Temp\npm-7024-bL3e51AS\1399430703556-0.19581060064956546\package
80 silly lockFile 4190730b-3556-0-19581060064956546-package tar://C:\Users\Jinto\AppData\Local\Temp\npm-7024-bL3e51AS\1399430703556-0.19581060064956546\package
81 verbose lock tar://C:\Users\Jinto\AppData\Local\Temp\npm-7024-bL3e51AS\1399430703556-0.19581060064956546\package C:\Users\Jinto\AppData\Roaming\npm-cache\4190730b-3556-0-19581060064956546-package.lock
82 silly lockFile 761f8c85-nshot-reporter-0-0-5-package-tgz tar://C:\Users\Jinto\AppData\Roaming\npm-cache\protractor-html-screenshot-reporter\0.0.5\package.tgz
83 verbose lock tar://C:\Users\Jinto\AppData\Roaming\npm-cache\protractor-html-screenshot-reporter\0.0.5\package.tgz C:\Users\Jinto\AppData\Roaming\npm-cache\761f8c85-nshot-reporter-0-0-5-package-tgz.lock
84 silly lockFile 4190730b-3556-0-19581060064956546-package tar://C:\Users\Jinto\AppData\Local\Temp\npm-7024-bL3e51AS\1399430703556-0.19581060064956546\package
85 silly lockFile 4190730b-3556-0-19581060064956546-package tar://C:\Users\Jinto\AppData\Local\Temp\npm-7024-bL3e51AS\1399430703556-0.19581060064956546\package
86 silly lockFile 761f8c85-nshot-reporter-0-0-5-package-tgz tar://C:\Users\Jinto\AppData\Roaming\npm-cache\protractor-html-screenshot-reporter\0.0.5\package.tgz
87 silly lockFile 761f8c85-nshot-reporter-0-0-5-package-tgz tar://C:\Users\Jinto\AppData\Roaming\npm-cache\protractor-html-screenshot-reporter\0.0.5\package.tgz
88 silly lockFile ae28d239-creenshot-reporter-0-0-5-package C:\Users\Jinto\AppData\Roaming\npm-cache\protractor-html-screenshot-reporter\0.0.5\package
89 verbose lock C:\Users\Jinto\AppData\Roaming\npm-cache\protractor-html-screenshot-reporter\0.0.5\package C:\Users\Jinto\AppData\Roaming\npm-cache\ae28d239-creenshot-reporter-0-0-5-package.lock
90 silly lockFile ae28d239-creenshot-reporter-0-0-5-package C:\Users\Jinto\AppData\Roaming\npm-cache\protractor-html-screenshot-reporter\0.0.5\package
91 silly lockFile ae28d239-creenshot-reporter-0-0-5-package C:\Users\Jinto\AppData\Roaming\npm-cache\protractor-html-screenshot-reporter\0.0.5\package
92 verbose tar unpack C:\Users\Jinto\AppData\Roaming\npm-cache\protractor-html-screenshot-reporter\0.0.5\package.tgz
93 silly lockFile 6557bc93-creenshot-reporter-0-0-5-package tar://C:\Users\Jinto\AppData\Roaming\npm-cache\protractor-html-screenshot-reporter\0.0.5\package
94 verbose lock tar://C:\Users\Jinto\AppData\Roaming\npm-cache\protractor-html-screenshot-reporter\0.0.5\package C:\Users\Jinto\AppData\Roaming\npm-cache\6557bc93-creenshot-reporter-0-0-5-package.lock
95 silly lockFile 761f8c85-nshot-reporter-0-0-5-package-tgz tar://C:\Users\Jinto\AppData\Roaming\npm-cache\protractor-html-screenshot-reporter\0.0.5\package.tgz
96 verbose lock tar://C:\Users\Jinto\AppData\Roaming\npm-cache\protractor-html-screenshot-reporter\0.0.5\package.tgz C:\Users\Jinto\AppData\Roaming\npm-cache\761f8c85-nshot-reporter-0-0-5-package-tgz.lock
97 silly gunzTarPerm modes [ '755', '644' ]
98 silly gunzTarPerm extractEntry package.json
99 silly gunzTarPerm modified mode [ 'package.json', 438, 420 ]
100 silly gunzTarPerm extractEntry .npmignore
101 silly gunzTarPerm modified mode [ '.npmignore', 438, 420 ]
102 silly gunzTarPerm extractEntry README.md
103 silly gunzTarPerm modified mode [ 'README.md', 438, 420 ]
104 silly gunzTarPerm extractEntry index.js
105 silly gunzTarPerm modified mode [ 'index.js', 438, 420 ]
106 silly gunzTarPerm extractEntry .jshintrc
107 silly gunzTarPerm modified mode [ '.jshintrc', 438, 420 ]
108 silly gunzTarPerm extractEntry CHANGES.md
109 silly gunzTarPerm modified mode [ 'CHANGES.md', 438, 420 ]
110 silly gunzTarPerm extractEntry LICENSE.md
111 silly gunzTarPerm modified mode [ 'LICENSE.md', 438, 420 ]
112 silly gunzTarPerm extractEntry examples/package.json
113 silly gunzTarPerm modified mode [ 'examples/package.json', 438, 420 ]
114 silly gunzTarPerm extractEntry examples/Gruntfile.js
115 silly gunzTarPerm modified mode [ 'examples/Gruntfile.js', 438, 420 ]
116 silly gunzTarPerm extractEntry examples/protractor.conf.js
117 silly gunzTarPerm modified mode [ 'examples/protractor.conf.js', 438, 420 ]
118 silly gunzTarPerm extractEntry examples/screenshots/22-Feb-2014-1h-26m/chrome/combined.json
119 silly gunzTarPerm modified mode [ 'examples/screenshots/22-Feb-2014-1h-26m/chrome/combined.json',
119 silly gunzTarPerm   438,
119 silly gunzTarPerm   420 ]
120 silly gunzTarPerm extractEntry examples/screenshots/22-Feb-2014-1h-26m/chrome/reporter.html
121 silly gunzTarPerm modified mode [ 'examples/screenshots/22-Feb-2014-1h-26m/chrome/reporter.html',
121 silly gunzTarPerm   438,
121 silly gunzTarPerm   420 ]
122 silly gunzTarPerm extractEntry examples/screenshots/22-Feb-2014-1h-26m/chrome/should add a todo-todo list-angularjs homepage.json
123 silly gunzTarPerm modified mode [ 'examples/screenshots/22-Feb-2014-1h-26m/chrome/should add a todo-todo list-angularjs homepage.json',
123 silly gunzTarPerm   438,
123 silly gunzTarPerm   420 ]
124 silly gunzTarPerm extractEntry examples/screenshots/22-Feb-2014-1h-26m/chrome/should add a todo-todo list-angularjs homepage.png
125 silly gunzTarPerm modified mode [ 'examples/screenshots/22-Feb-2014-1h-26m/chrome/should add a todo-todo list-angularjs homepage.png',
125 silly gunzTarPerm   438,
125 silly gunzTarPerm   420 ]
126 silly gunzTarPerm extractEntry examples/screenshots/22-Feb-2014-1h-26m/chrome/should greet the named user-angularjs homepage.json
127 silly gunzTarPerm modified mode [ 'examples/screenshots/22-Feb-2014-1h-26m/chrome/should greet the named user-angularjs homepage.json',
127 silly gunzTarPerm   438,
127 silly gunzTarPerm   420 ]
128 silly gunzTarPerm extractEntry examples/screenshots/22-Feb-2014-1h-26m/chrome/should greet the named user-angularjs homepage.png
129 silly gunzTarPerm modified mode [ 'examples/screenshots/22-Feb-2014-1h-26m/chrome/should greet the named user-angularjs homepage.png',
129 silly gunzTarPerm   438,
129 silly gunzTarPerm   420 ]
130 silly gunzTarPerm extractEntry examples/screenshots/22-Feb-2014-1h-26m/chrome/should list todos-todo list-angularjs homepage.json
131 silly gunzTarPerm modified mode [ 'examples/screenshots/22-Feb-2014-1h-26m/chrome/should list todos-todo list-angularjs homepage.json',
131 silly gunzTarPerm   438,
131 silly gunzTarPerm   420 ]
132 silly gunzTarPerm extractEntry examples/screenshots/22-Feb-2014-1h-26m/chrome/should list todos-todo list-angularjs homepage.png
133 silly gunzTarPerm modified mode [ 'examples/screenshots/22-Feb-2014-1h-26m/chrome/should list todos-todo list-angularjs homepage.png',
133 silly gunzTarPerm   438,
133 silly gunzTarPerm   420 ]
134 silly gunzTarPerm extractEntry examples/specs/example_spec.js
135 silly gunzTarPerm modified mode [ 'examples/specs/example_spec.js', 438, 420 ]
136 silly gunzTarPerm extractEntry lib/jsonparser.js
137 silly gunzTarPerm modified mode [ 'lib/jsonparser.js', 438, 420 ]
138 silly gunzTarPerm extractEntry lib/util.js
139 silly gunzTarPerm modified mode [ 'lib/util.js', 438, 420 ]
140 silly gunzTarPerm extractEntry testreporter.png
141 silly gunzTarPerm modified mode [ 'testreporter.png', 438, 420 ]
142 silly lockFile 6557bc93-creenshot-reporter-0-0-5-package tar://C:\Users\Jinto\AppData\Roaming\npm-cache\protractor-html-screenshot-reporter\0.0.5\package
143 silly lockFile 6557bc93-creenshot-reporter-0-0-5-package tar://C:\Users\Jinto\AppData\Roaming\npm-cache\protractor-html-screenshot-reporter\0.0.5\package
144 silly lockFile 761f8c85-nshot-reporter-0-0-5-package-tgz tar://C:\Users\Jinto\AppData\Roaming\npm-cache\protractor-html-screenshot-reporter\0.0.5\package.tgz
145 silly lockFile 761f8c85-nshot-reporter-0-0-5-package-tgz tar://C:\Users\Jinto\AppData\Roaming\npm-cache\protractor-html-screenshot-reporter\0.0.5\package.tgz
146 verbose chmod C:\Users\Jinto\AppData\Roaming\npm-cache\protractor-html-screenshot-reporter\0.0.5\package.tgz 644
147 silly chown skipping for windows C:\Users\Jinto\AppData\Roaming\npm-cache\protractor-html-screenshot-reporter\0.0.5\package.tgz
148 silly lockFile 3a52ce78- .
149 silly lockFile 3a52ce78- .
150 silly publish { name: 'protractor-html-screenshot-reporter',
150 silly publish   version: '0.0.5',
150 silly publish   description: 'An npm module and grunt plugin which generates your Protractor test reports in HTML with screenshots',
150 silly publish   main: 'index.js',
150 silly publish   repository:
150 silly publish    { type: 'git',
150 silly publish      url: 'https://github.com/jintoppy/protractor-html-screenshot-reporter' },
150 silly publish   dependencies: { mkdirp: '~0.3.5', underscore: '^1.6.0' },
150 silly publish   keywords:
150 silly publish    [ 'screenshot',
150 silly publish      'selenium',
150 silly publish      'protractor',
150 silly publish      'jasmine',
150 silly publish      'reporter',
150 silly publish      'gruntplugin',
150 silly publish      'protractor html report' ],
150 silly publish   author: { name: 'Jinto Jose', email: 'jintoppy@gmail.com' },
150 silly publish   license: 'MIT',
150 silly publish   bugs: { url: 'https://github.com/jintoppy/protractor-html-screenshot-reporter/issues' },
150 silly publish   homepage: 'https://github.com/jintoppy/protractor-html-screenshot-reporter',
150 silly publish   readme: '# HTML Reporter with Screenshots for Protractor\r\n\r\nThis is built on top of Screenshot Reporter for Protractor https://github.com/swissmanu/protractor-screenshot-reporter\r\n\r\n\r\n## Usage\r\nThe `protractor-html-screenshot-reporter` module is available via npm:\r\n\r\n```bash\r\n$ npm install protractor-html-screenshot-reporter --save-dev\r\n```\r\n\r\nIn your Protractor configuration file, register `protractor-html-screenshot-reporter` in Jasmine:\r\n\r\n```javascript\r\nvar HtmlReporter = require(\'protractor-html-screenshot-reporter\');\r\n\r\nexports.config = {\r\n   // your config here ...\r\n\r\n   onPrepare: function() {\r\n      // Add a screenshot reporter and store screenshots to `/tmp/screnshots`:\r\n      jasmine.getEnv().addReporter(new HtmlReporter({\r\n         baseDirectory: \'/tmp/screenshots\'\r\n      }));\r\n   }\r\n}\r\n```\r\n\r\n## Configuration\r\n### Base Directory (mandatory)\r\nYou have to pass a directory path as parameter when creating a new instance of\r\nthe screenshot reporter:\r\n\r\n```javascript\r\nvar reporter = new HtmlReporter({\r\n   baseDirectory: \'/tmp/screenshots\'\r\n});\r\n```\r\n\r\nIf the given directory does not exists, it is created automatically as soon as a screenshot needs to be stored.\r\n\r\n### Path Builder (optional)\r\nThe function passed as second argument to the constructor is used to build up paths for screenshot files:\r\n\r\n```javascript\r\nvar path = require(\'path\');\r\n\r\nnew HtmlReporter({\r\n   baseDirectory: \'/tmp/screenshots\'\r\n   , pathBuilder: function pathBuilder(spec, descriptions, results, capabilities) {\r\n      // Return \'<browser>/<specname>\' as path for screenshots:\r\n      // Example: \'firefox/list-should work\'.\r\n      return path.join(capabilities.caps_.browser, descriptions.join(\'-\'));\r\n   }\r\n});\r\n```\r\nIf you omit the path builder, a [GUID](http://de.wikipedia.org/wiki/Globally_Unique_Identifier) is used by default instead.\r\n\r\n\r\n### Meta Data Builder (optional)\r\nYou can modify the contents of the JSON meta data file by passing a function `metaDataBuilder` function as third constructor parameter:\r\n\r\n```javascript\r\nnew HtmlReporter({\r\n   baseDirectory: \'/tmp/screenshots\'\r\n   , metaDataBuilder: function metaDataBuilder(spec, descriptions, results, capabilities) {\r\n      // Return the description of the spec and if it has passed or not:\r\n      return {\r\n         description: descriptions.join(\' \')\r\n         , passed: results.passed()\r\n      };\r\n   }\r\n});\r\n```\r\n\r\nIf you omit the meta data builder, the default implementation is used\r\n\r\n\r\n### Screenshots for skipped test cases (optional)\r\nYou can define if you want capture screenshots from skipped test cases using the `takeScreenShotsForSkippedSpecs` option:\r\n\r\n```javascript\r\nnew HtmlReporter({\r\n   baseDirectory: \'/tmp/screenshots\'\r\n   , takeScreenShotsForSkippedSpecs: true\r\n});\r\n```\r\n\r\n\r\n### Screenshots only for failed test cases (optional)\r\n Also you can define if you want capture screenshots only from failed test cases using the `takeScreenShotsOnlyForFailedSpecs:` option:\r\n \r\n ```javascript\r\n new HtmlReporter({\r\n    baseDirectory: \'/tmp/screenshots\'\r\n    , takeScreenShotsOnlyForFailedSpecs: true\r\n });\r\n ```\r\n \r\n Default is `false`.\r\n\r\n\r\n\r\n## HTML Reporter\r\n\r\nOn running the task via grunt, screenshot reporter will be generating json and png files for each test. \r\n\r\nWith this postprocessing, you will get a json which has all the metadata, and also an html page showing the results. \r\n\r\n\r\n![test report in html](https://raw.githubusercontent.com/jintoppy/protractor-html-screenshot-reporter/master/testreporter.png "test report")\r\n\r\nPlease see the examples folder for a sample usage. \r\n\r\nFor running the sample, do the following commands in the examples folder\r\n\r\n```bash\r\n\r\n$ npm install\r\n$ grunt install\r\n$ grunt test:e2e\r\n```\r\n\r\nAfter the test run, you can see that, a screenshots folder will be created with all the reports generated. \r\n\r\n\r\n## License\r\nCopyright (c) 2014 Jinto Jose <jintoppy@gmail.com>\r\nCopyright (c) 2014 Manuel Alabor <manuel@alabor.me>\r\n\r\nPermission is hereby granted, free of charge, to any person obtaining a copy of this software and associated documentation files (the "Software"), to deal in the Software without restriction, including without limitation the rights to use, copy, modify, merge, publish, distribute, sublicense, and/or sell copies of the Software, and to permit persons to whom the Software is furnished to do so, subject to the following conditions:\r\n\r\nThe above copyright notice and this permission notice shall be included in all copies or substantial portions of the Software.',
150 silly publish   readmeFilename: 'README.md',
150 silly publish   _id: 'protractor-html-screenshot-reporter@0.0.5',
150 silly publish   dist: { shasum: 'a912906d5675c4d298813a624d9216df01fdb583' },
150 silly publish   _from: '.' }
151 verbose url raw protractor-html-screenshot-reporter
152 verbose url resolving [ 'https://registry.npmjs.org/',
152 verbose url resolving   './protractor-html-screenshot-reporter' ]
153 verbose url resolved https://registry.npmjs.org/protractor-html-screenshot-reporter
154 info trying registry request attempt 1 at 08:15:04
155 http PUT https://registry.npmjs.org/protractor-html-screenshot-reporter
156 http 403 https://registry.npmjs.org/protractor-html-screenshot-reporter
157 error publish Failed PUT 403
158 error Error: forbidden cannot modify pre-existing version: 0.0.5
158 error old={"name":"protractor-html-screenshot-reporter","version":"0.0.5","description":"An npm module and grunt plugin which generates your Protractor test reports in HTML with screenshots","main":"index.js","repository":{"type":"git","url":"https://github.com/jintoppy/protractor-html-screenshot-reporter"},"dependencies":{"mkdirp":"~0.3.5","underscore":"^1.6.0"},"keywords":["screenshot","selenium","protractor","jasmine","reporter","gruntplugin","protractor html report"],"author":{"name":"Jinto Jose","email":"jintoppy@gmail.com"},"license":"MIT","bugs":{"url":"https://github.com/jintoppy/protractor-html-screenshot-reporter/issues"},"homepage":"https://github.com/jintoppy/protractor-html-screenshot-reporter","_id":"protractor-html-screenshot-reporter@0.0.5","dist":{"shasum":"001687bb73eb189fffc3c3b46570af4c13eb0efd","tarball":"http://registry.npmjs.org/protractor-html-screenshot-reporter/-/protractor-html-screenshot-reporter-0.0.5.tgz"},"_from":".","_npmVersion":"1.4.3","_npmUser":{"name":"jintoppy","email":"jintoppy@gmail.com"},"maintainers":[{"name":"jintoppy","email":"jintoppy@gmail.com"}]}
158 error new={"name":"protractor-html-screenshot-reporter","version":"0.0.5","description":"An npm module and grunt plugin which generates your Protractor test reports in HTML with screenshots","main":"index.js","repository":{"type":"git","url":"https://github.com/jintoppy/protractor-html-screenshot-reporter"},"dependencies":{"mkdirp":"~0.3.5","underscore":"^1.6.0"},"keywords":["screenshot","selenium","protractor","jasmine","reporter","gruntplugin","protractor html report"],"author":{"name":"Jinto Jose","email":"jintoppy@gmail.com"},"license":"MIT","bugs":{"url":"https://github.com/jintoppy/protractor-html-screenshot-reporter/issues"},"homepage":"https://github.com/jintoppy/protractor-html-screenshot-reporter","readme":"# HTML Reporter with Screenshots for Protractor\u000d\u000a\u000d\u000aThis is built on top of Screenshot Reporter for Protractor https://github.com/swissmanu/protractor-screenshot-reporter\u000d\u000a\u000d\u000a\u000d\u000a## Usage\u000d\u000aThe `protractor-html-screenshot-reporter` module is available via npm:\u000d\u000a\u000d\u000a```bash\u000d\u000a$ npm install protractor-html-screenshot-reporter --save-dev\u000d\u000a```\u000d\u000a\u000d\u000aIn your Protractor configuration file, register `protractor-html-screenshot-reporter` in Jasmine:\u000d\u000a\u000d\u000a```javascript\u000d\u000avar HtmlReporter = require('protractor-html-screenshot-reporter');\u000d\u000a\u000d\u000aexports.config = {\u000d\u000a   // your config here ...\u000d\u000a\u000d\u000a   onPrepare: function() {\u000d\u000a      // Add a screenshot reporter and store screenshots to `/tmp/screnshots`:\u000d\u000a      jasmine.getEnv().addReporter(new HtmlReporter({\u000d\u000a         baseDirectory: '/tmp/screenshots'\u000d\u000a      }));\u000d\u000a   }\u000d\u000a}\u000d\u000a```\u000d\u000a\u000d\u000a## Configuration\u000d\u000a### Base Directory (mandatory)\u000d\u000aYou have to pass a directory path as parameter when creating a new instance of\u000d\u000athe screenshot reporter:\u000d\u000a\u000d\u000a```javascript\u000d\u000avar reporter = new HtmlReporter({\u000d\u000a   baseDirectory: '/tmp/screenshots'\u000d\u000a});\u000d\u000a```\u000d\u000a\u000d\u000aIf the given directory does not exists, it is created automatically as soon as a screenshot needs to be stored.\u000d\u000a\u000d\u000a### Path Builder (optional)\u000d\u000aThe function passed as second argument to the constructor is used to build up paths for screenshot files:\u000d\u000a\u000d\u000a```javascript\u000d\u000avar path = require('path');\u000d\u000a\u000d\u000anew HtmlReporter({\u000d\u000a   baseDirectory: '/tmp/screenshots'\u000d\u000a   , pathBuilder: function pathBuilder(spec, descriptions, results, capabilities) {\u000d\u000a      // Return '<browser>/<specname>' as path for screenshots:\u000d\u000a      // Example: 'firefox/list-should work'.\u000d\u000a      return path.join(capabilities.caps_.browser, descriptions.join('-'));\u000d\u000a   }\u000d\u000a});\u000d\u000a```\u000d\u000aIf you omit the path builder, a [GUID](http://de.wikipedia.org/wiki/Globally_Unique_Identifier) is used by default instead.\u000d\u000a\u000d\u000a\u000d\u000a### Meta Data Builder (optional)\u000d\u000aYou can modify the contents of the JSON meta data file by passing a function `metaDataBuilder` function as third constructor parameter:\u000d\u000a\u000d\u000a```javascript\u000d\u000anew HtmlReporter({\u000d\u000a   baseDirectory: '/tmp/screenshots'\u000d\u000a   , metaDataBuilder: function metaDataBuilder(spec, descriptions, results, capabilities) {\u000d\u000a      // Return the description of the spec and if it has passed or not:\u000d\u000a      return {\u000d\u000a         description: descriptions.join(' ')\u000d\u000a         , passed: results.passed()\u000d\u000a      };\u000d\u000a   }\u000d\u000a});\u000d\u000a```\u000d\u000a\u000d\u000aIf you omit the meta data builder, the default implementation is used\u000d\u000a\u000d\u000a\u000d\u000a### Screenshots for skipped test cases (optional)\u000d\u000aYou can define if you want capture screenshots from skipped test cases using the `takeScreenShotsForSkippedSpecs` option:\u000d\u000a\u000d\u000a```javascript\u000d\u000anew HtmlReporter({\u000d\u000a   baseDirectory: '/tmp/screenshots'\u000d\u000a   , takeScreenShotsForSkippedSpecs: true\u000d\u000a});\u000d\u000a```\u000d\u000a\u000d\u000a\u000d\u000a### Screenshots only for failed test cases (optional)\u000d\u000a Also you can define if you want capture screenshots only from failed test cases using the `takeScreenShotsOnlyForFailedSpecs:` option:\u000d\u000a \u000d\u000a ```javascript\u000d\u000a new HtmlReporter({\u000d\u000a    baseDirectory: '/tmp/screenshots'\u000d\u000a    , takeScreenShotsOnlyForFailedSpecs: true\u000d\u000a });\u000d\u000a ```\u000d\u000a \u000d\u000a Default is `false`.\u000d\u000a\u000d\u000a\u000d\u000a\u000d\u000a## HTML Reporter\u000d\u000a\u000d\u000aOn running the task via grunt, screenshot reporter will be generating json and png files for each test. \u000d\u000a\u000d\u000aWith this postprocessing, you will get a json which has all the metadata, and also an html page showing the results. \u000d\u000a\u000d\u000a\u000d\u000a![test report in html](https://raw.githubusercontent.com/jintoppy/protractor-html-screenshot-reporter/master/testreporter.png \"test report\")\u000d\u000a\u000d\u000aPlease see the examples folder for a sample usage. \u000d\u000a\u000d\u000aFor running the sample, do the following commands in the examples folder\u000d\u000a\u000d\u000a```bash\u000d\u000a\u000d\u000a$ npm install\u000d\u000a$ grunt install\u000d\u000a$ grunt test:e2e\u000d\u000a```\u000d\u000a\u000d\u000aAfter the test run, you can see that, a screenshots folder will be created with all the reports generated. \u000d\u000a\u000d\u000a\u000d\u000a## License\u000d\u000aCopyright (c) 2014 Jinto Jose <jintoppy@gmail.com>\u000d\u000aCopyright (c) 2014 Manuel Alabor <manuel@alabor.me>\u000d\u000a\u000d\u000aPermission is hereby granted, free of charge, to any person obtaining a copy of this software and associated documentation files (the \"Software\"), to deal in the Software without restriction, including without limitation the rights to use, copy, modify, merge, publish, distribute, sublicense, and/or sell copies of the Software, and to permit persons to whom the Software is furnished to do so, subject to the following conditions:\u000d\u000a\u000d\u000aThe above copyright notice and this permission notice shall be included in all copies or substantial portions of the Software.","readmeFilename":"README.md","_id":"protractor-html-screenshot-reporter@0.0.5","dist":{"shasum":"a912906d5675c4d298813a624d9216df01fdb583","tarball":"http://registry.npmjs.org/protractor-html-screenshot-reporter/-/protractor-html-screenshot-reporter-0.0.5.tgz"},"_from":".","_npmVersion":"1.4.3","_npmUser":{"name":"jintoppy","email":"jintoppy@gmail.com"},"maintainers":[{"name":"jintoppy","email":"jintoppy@gmail.com"}]}: protractor-html-screenshot-reporter
158 error     at RegClient.<anonymous> (C:\Program Files (x86)\nodejs\node_modules\npm\node_modules\npm-registry-client\lib\request.js:237:14)
158 error     at Request.self.callback (C:\Program Files (x86)\nodejs\node_modules\npm\node_modules\request\request.js:123:22)
158 error     at Request.EventEmitter.emit (events.js:98:17)
158 error     at Request.<anonymous> (C:\Program Files (x86)\nodejs\node_modules\npm\node_modules\request\request.js:893:14)
158 error     at Request.EventEmitter.emit (events.js:117:20)
158 error     at IncomingMessage.<anonymous> (C:\Program Files (x86)\nodejs\node_modules\npm\node_modules\request\request.js:844:12)
158 error     at IncomingMessage.EventEmitter.emit (events.js:117:20)
158 error     at _stream_readable.js:920:16
158 error     at process._tickCallback (node.js:415:13)
159 error If you need help, you may report this *entire* log,
159 error including the npm and node versions, at:
159 error     <http://github.com/npm/npm/issues>
160 error System Windows_NT 6.2.9200
161 error command "C:\\Program Files (x86)\\nodejs\\\\node.exe" "C:\\Program Files (x86)\\nodejs\\node_modules\\npm\\bin\\npm-cli.js" "publish"
162 error cwd C:\Jinto\Work\Personal\GitHub\protractor-html-screenshot-reporter
163 error node -v v0.10.26
164 error npm -v 1.4.3
165 verbose exit [ 1, true ]
