0 info it worked if it ends with ok
1 verbose cli [ 'C:\\Program Files (x86)\\nodejs\\\\node.exe',
1 verbose cli   'C:\\Program Files (x86)\\nodejs\\node_modules\\npm\\bin\\npm-cli.js',
1 verbose cli   'unpublish',
1 verbose cli   'protractor-screenshot-reporter-with-postprocessing',
1 verbose cli   '--force' ]
2 info using npm@1.4.3
3 info using node@v0.10.26
4 verbose node symlink C:\Program Files (x86)\nodejs\\node.exe
5 warn using --force I sure hope you know what you are doing.
6 verbose url raw protractor-screenshot-reporter-with-postprocessing?write=true
7 verbose url resolving [ 'https://registry.npmjs.org/',
7 verbose url resolving   './protractor-screenshot-reporter-with-postprocessing?write=true' ]
8 verbose url resolved https://registry.npmjs.org/protractor-screenshot-reporter-with-postprocessing?write=true
9 info trying registry request attempt 1 at 08:41:48
10 http GET https://registry.npmjs.org/protractor-screenshot-reporter-with-postprocessing?write=true
11 http 404 https://registry.npmjs.org/protractor-screenshot-reporter-with-postprocessing?write=true
12 silly registry.get cb [ 404,
12 silly registry.get   { date: 'Wed, 07 May 2014 03:11:48 GMT',
12 silly registry.get     server: 'CouchDB/1.5.0 (Erlang OTP/R14B04)',
12 silly registry.get     etag: '"3PCFV9MC507TS6U2PU00X2G5K"',
12 silly registry.get     'content-type': 'application/json',
12 silly registry.get     'cache-control': 'max-age=0',
12 silly registry.get     'content-length': '721',
12 silly registry.get     'accept-ranges': 'bytes',
12 silly registry.get     via: '1.1 varnish',
12 silly registry.get     'x-served-by': 'cache-sv95-SJC3',
12 silly registry.get     'x-cache': 'MISS',
12 silly registry.get     'x-cache-hits': '0',
12 silly registry.get     'x-timer': 'S1399432308.119937897,VS0,VE143',
12 silly registry.get     vary: 'Accept',
12 silly registry.get     'keep-alive': 'timeout=10, max=50',
12 silly registry.get     connection: 'Keep-Alive' } ]
13 info unpublish No version specified, removing all
14 verbose url raw protractor-screenshot-reporter-with-postprocessing/-rev/11-31ade12246a57a2c6aa689e3e34970af
15 verbose url resolving [ 'https://registry.npmjs.org/',
15 verbose url resolving   './protractor-screenshot-reporter-with-postprocessing/-rev/11-31ade12246a57a2c6aa689e3e34970af' ]
16 verbose url resolved https://registry.npmjs.org/protractor-screenshot-reporter-with-postprocessing/-rev/11-31ade12246a57a2c6aa689e3e34970af
17 info trying registry request attempt 1 at 08:41:50
18 http DELETE https://registry.npmjs.org/protractor-screenshot-reporter-with-postprocessing/-rev/11-31ade12246a57a2c6aa689e3e34970af
19 http 403 https://registry.npmjs.org/protractor-screenshot-reporter-with-postprocessing/-rev/11-31ade12246a57a2c6aa689e3e34970af
20 error Error: forbidden already unpublished: protractor-screenshot-reporter-with-postprocessing/-rev/11-31ade12246a57a2c6aa689e3e34970af
20 error     at RegClient.<anonymous> (C:\Program Files (x86)\nodejs\node_modules\npm\node_modules\npm-registry-client\lib\request.js:237:14)
20 error     at Request.self.callback (C:\Program Files (x86)\nodejs\node_modules\npm\node_modules\request\request.js:123:22)
20 error     at Request.EventEmitter.emit (events.js:98:17)
20 error     at Request.<anonymous> (C:\Program Files (x86)\nodejs\node_modules\npm\node_modules\request\request.js:893:14)
20 error     at Request.EventEmitter.emit (events.js:117:20)
20 error     at IncomingMessage.<anonymous> (C:\Program Files (x86)\nodejs\node_modules\npm\node_modules\request\request.js:844:12)
20 error     at IncomingMessage.EventEmitter.emit (events.js:117:20)
20 error     at _stream_readable.js:920:16
20 error     at process._tickCallback (node.js:415:13)
21 error If you need help, you may report this *entire* log,
21 error including the npm and node versions, at:
21 error     <http://github.com/npm/npm/issues>
22 error System Windows_NT 6.2.9200
23 error command "C:\\Program Files (x86)\\nodejs\\\\node.exe" "C:\\Program Files (x86)\\nodejs\\node_modules\\npm\\bin\\npm-cli.js" "unpublish" "protractor-screenshot-reporter-with-postprocessing" "--force"
24 error cwd C:\Jinto\Work\Personal\GitHub\protractor-html-screenshot-reporter\examples
25 error node -v v0.10.26
26 error npm -v 1.4.3
27 verbose exit [ 1, true ]
